-1.5
-showWeaveInfo
-source
1.5
-verbose
-classpath
C:\Docume~1\alexandn\.m2\repository\antlr\antlr\2.7.6\antlr-2.7.6.jar;C:\Docume~1\alexandn\.m2\repository\aopalliance\aopalliance\1.0\aopalliance-1.0.jar;C:\Docume~1\alexandn\.m2\repository\asm\asm\1.5.3\asm-1.5.3.jar;C:\Docume~1\alexandn\.m2\repository\asm\asm-attrs\1.5.3\asm-attrs-1.5.3.jar;C:\Docume~1\alexandn\.m2\repository\backport-util-concurrent\backport-util-concurrent\3.1\backport-util-concurrent-3.1.jar;C:\Docume~1\alexandn\.m2\repository\cglib\cglib\2.1_3\cglib-2.1_3.jar;C:\Docume~1\alexandn\.m2\repository\com\lowagie\itext\1.3\itext-1.3.jar;C:\Docume~1\alexandn\.m2\repository\commons-beanutils\commons-beanutils\1.7.0\commons-beanutils-1.7.0.jar;C:\Docume~1\alexandn\.m2\repository\commons-codec\commons-codec\1.3\commons-codec-1.3.jar;C:\Docume~1\alexandn\.m2\repository\commons-collections\commons-collections\3.2\commons-collections-3.2.jar;C:\Docume~1\alexandn\.m2\repository\commons-dbcp\commons-dbcp\1.2.1\commons-dbcp-1.2.1.jar;C:\Docume~1\alexandn\.m2\repository\commons-digester\commons-digester\1.7\commons-digester-1.7.jar;C:\Docume~1\alexandn\.m2\repository\commons-fileupload\commons-fileupload\1.2.1\commons-fileupload-1.2.1.jar;C:\Docume~1\alexandn\.m2\repository\commons-httpclient\commons-httpclient\3.0\commons-httpclient-3.0.jar;C:\Docume~1\alexandn\.m2\repository\commons-lang\commons-lang\2.3\commons-lang-2.3.jar;C:\Docume~1\alexandn\.m2\repository\commons-logging\commons-logging\1.0.3\commons-logging-1.0.3.jar;C:\Docume~1\alexandn\.m2\repository\commons-pool\commons-pool\1.2\commons-pool-1.2.jar;C:\Docume~1\alexandn\.m2\repository\commons-validator\commons-validator\1.3.0\commons-validator-1.3.0.jar;C:\Docume~1\alexandn\.m2\repository\displaytag\displaytag\1.1.1\displaytag-1.1.1.jar;C:\Docume~1\alexandn\.m2\repository\dom4j\dom4j\1.6.1\dom4j-1.6.1.jar;C:\Docume~1\alexandn\.m2\repository\javax\activation\activation\1.1\activation-1.1.jar;C:\Docume~1\alexandn\.m2\repository\javax\mail\mail\1.4\mail-1.4.jar;C:\Docume~1\alexandn\.m2\repository\javax\persistence\persistence-api\1.0\persistence-api-1.0.jar;C:\Docume~1\alexandn\.m2\repository\javax\servlet\jsp-api\2.0\jsp-api-2.0.jar;C:\Docume~1\alexandn\.m2\repository\javax\servlet\jstl\1.1.2\jstl-1.1.2.jar;C:\Docume~1\alexandn\.m2\repository\javax\servlet\servlet-api\2.4\servlet-api-2.4.jar;C:\Docume~1\alexandn\.m2\repository\javax\transaction\jta\1.0.1B\jta-1.0.1B.jar;C:\Docume~1\alexandn\.m2\repository\jdom\jdom\1.0\jdom-1.0.jar;C:\Docume~1\alexandn\.m2\repository\junit\junit\4.4\junit-4.4.jar;C:\Docume~1\alexandn\.m2\repository\junit\junit-dep\4.4\junit-dep-4.4.jar;C:\Docume~1\alexandn\.m2\repository\log4j\log4j\1.2.13\log4j-1.2.13.jar;C:\Docume~1\alexandn\.m2\repository\mysql\mysql-connector-java\5.0.5\mysql-connector-java-5.0.5.jar;C:\Docume~1\alexandn\.m2\repository\net\java\dev\stax-utils\stax-utils\20040917\stax-utils-20040917.jar;C:\Docume~1\alexandn\.m2\repository\net\sf\ehcache\ehcache\1.4.1\ehcache-1.4.1.jar;C:\Docume~1\alexandn\.m2\repository\net\sf\jsr107cache\jsr107cache\1.0\jsr107cache-1.0.jar;C:\Docume~1\alexandn\.m2\repository\opensymphony\clickstream\1.0.2\clickstream-1.0.2.jar;C:\Docume~1\alexandn\.m2\repository\opensymphony\oscache\2.3\oscache-2.3.jar;C:\Docume~1\alexandn\.m2\repository\opensymphony\sitemesh\2.2.1\sitemesh-2.2.1.jar;C:\Docume~1\alexandn\.m2\repository\org\apache\commons\commons-io\1.3.2\commons-io-1.3.2.jar;C:\Docume~1\alexandn\.m2\repository\org\apache\xbean\xbean-spring\2.8\xbean-spring-2.8.jar;C:\Docume~1\alexandn\.m2\repository\org\aspectj\aspectjrt\1.6.0\aspectjrt-1.6.0.jar;C:\Docume~1\alexandn\.m2\repository\org\aspectj\aspectjweaver\1.6.0\aspectjweaver-1.6.0.jar;C:\Docume~1\alexandn\.m2\repository\org\codehaus\woodstox\wstx-asl\3.2.0\wstx-asl-3.2.0.jar;C:\Docume~1\alexandn\.m2\repository\org\codehaus\xfire\xfire-aegis\1.2.6\xfire-aegis-1.2.6.jar;C:\Docume~1\alexandn\.m2\repository\org\codehaus\xfire\xfire-annotations\1.2.6\xfire-annotations-1.2.6.jar;C:\Docume~1\alexandn\.m2\repository\org\codehaus\xfire\xfire-core\1.2.6\xfire-core-1.2.6.jar;C:\Docume~1\alexandn\.m2\repository\org\codehaus\xfire\xfire-java5\1.2.6\xfire-java5-1.2.6.jar;C:\Docume~1\alexandn\.m2\repository\org\codehaus\xfire\xfire-spring\1.2.6\xfire-spring-1.2.6.jar;C:\Docume~1\alexandn\.m2\repository\org\codehaus\xfire\xfire-xmlbeans\1.2.6\xfire-xmlbeans-1.2.6.jar;C:\Docume~1\alexandn\.m2\repository\org\directwebremoting\dwr\2.0.1\dwr-2.0.1.jar;C:\Docume~1\alexandn\.m2\repository\org\hamcrest\hamcrest-core\1.1\hamcrest-core-1.1.jar;C:\Docume~1\alexandn\.m2\repository\org\hamcrest\hamcrest-library\1.1\hamcrest-library-1.1.jar;C:\Docume~1\alexandn\.m2\repository\org\hibernate\hibernate\3.2.6.ga\hibernate-3.2.6.ga.jar;C:\Docume~1\alexandn\.m2\repository\org\hibernate\hibernate-annotations\3.3.0.ga\hibernate-annotations-3.3.0.ga.jar;C:\Docume~1\alexandn\.m2\repository\org\hibernate\hibernate-commons-annotations\3.3.0.ga\hibernate-commons-annotations-3.3.0.ga.jar;C:\Docume~1\alexandn\.m2\repository\org\jmock\jmock\2.4.0\jmock-2.4.0.jar;C:\Docume~1\alexandn\.m2\repository\org\jmock\jmock-junit4\2.4.0\jmock-junit4-2.4.0.jar;C:\Docume~1\alexandn\.m2\repository\org\slf4j\jcl104-over-slf4j\1.4.2\jcl104-over-slf4j-1.4.2.jar;C:\Docume~1\alexandn\.m2\repository\org\slf4j\slf4j-api\1.4.2\slf4j-api-1.4.2.jar;C:\Docume~1\alexandn\.m2\repository\org\slf4j\slf4j-log4j12\1.4.2\slf4j-log4j12-1.4.2.jar;C:\Docume~1\alexandn\.m2\repository\org\springframework\spring-aop\2.5.4\spring-aop-2.5.4.jar;C:\Docume~1\alexandn\.m2\repository\org\springframework\spring-aspects\2.5.4\spring-aspects-2.5.4.jar;C:\Docume~1\alexandn\.m2\repository\org\springframework\spring-beans\2.5.4\spring-beans-2.5.4.jar;C:\Docume~1\alexandn\.m2\repository\org\springframework\spring-context\2.5.4\spring-context-2.5.4.jar;C:\Docume~1\alexandn\.m2\repository\org\springframework\spring-context-support\2.5.4\spring-context-support-2.5.4.jar;C:\Docume~1\alexandn\.m2\repository\org\springframework\spring-core\2.5.4\spring-core-2.5.4.jar;C:\Docume~1\alexandn\.m2\repository\org\springframework\spring-jdbc\2.5.4\spring-jdbc-2.5.4.jar;C:\Docume~1\alexandn\.m2\repository\org\springframework\spring-orm\2.5.4\spring-orm-2.5.4.jar;C:\Docume~1\alexandn\.m2\repository\org\springframework\spring-test\2.5.4\spring-test-2.5.4.jar;C:\Docume~1\alexandn\.m2\repository\org\springframework\spring-tx\2.5.4\spring-tx-2.5.4.jar;C:\Docume~1\alexandn\.m2\repository\org\springframework\spring-web\2.5.4\spring-web-2.5.4.jar;C:\Docume~1\alexandn\.m2\repository\org\springframework\spring-webmvc\2.5.4\spring-webmvc-2.5.4.jar;C:\Docume~1\alexandn\.m2\repository\org\springframework\security\spring-security-acl\2.0.1\spring-security-acl-2.0.1.jar;C:\Docume~1\alexandn\.m2\repository\org\springframework\security\spring-security-core\2.0.1\spring-security-core-2.0.1.jar;C:\Docume~1\alexandn\.m2\repository\org\springframework\security\spring-security-core-tiger\2.0.1\spring-security-core-tiger-2.0.1.jar;C:\Docume~1\alexandn\.m2\repository\org\springframework\security\spring-security-taglibs\2.0.1\spring-security-taglibs-2.0.1.jar;C:\Docume~1\alexandn\.m2\repository\org\springmodules\spring-modules-validation\0.8\spring-modules-validation-0.8.jar;C:\Docume~1\alexandn\.m2\repository\org\tuckey\urlrewritefilter\3.0.4\urlrewritefilter-3.0.4.jar;C:\Docume~1\alexandn\.m2\repository\oro\oro\2.0.8\oro-2.0.8.jar;C:\Docume~1\alexandn\.m2\repository\rhino\js\1.6R2\js-1.6R2.jar;C:\Docume~1\alexandn\.m2\repository\stax\stax-api\1.0.1\stax-api-1.0.1.jar;C:\Docume~1\alexandn\.m2\repository\struts-menu\struts-menu\2.4.3\struts-menu-2.4.3.jar;C:\Docume~1\alexandn\.m2\repository\taglibs\standard\1.1.2\standard-1.1.2.jar;C:\Docume~1\alexandn\.m2\repository\velocity\velocity\1.4\velocity-1.4.jar;C:\Docume~1\alexandn\.m2\repository\velocity-tools\velocity-tools-view\1.0\velocity-tools-view-1.0.jar;C:\Docume~1\alexandn\.m2\repository\wsdl4j\wsdl4j\1.6.1\wsdl4j-1.6.1.jar;C:\Docume~1\alexandn\.m2\repository\xfire\xfire-jsr181-api\1.0-M1\xfire-jsr181-api-1.0-M1.jar;C:\Docume~1\alexandn\.m2\repository\xml-apis\xml-apis\1.0.b2\xml-apis-1.0.b2.jar;C:\Docume~1\alexandn\.m2\repository\xmlbeans\xbean\2.2.0\xbean-2.2.0.jar;C:\training\workspace\myproject\target\classes
-aspectpath
C:\Docume~1\alexandn\.m2\repository\org\springframework\spring-aspects\2.5.4\spring-aspects-2.5.4.jar
-d
C:\training\workspace\myproject\target\classes
C:\training\workspace\myproject\src\main\java\com\mycompany\app\dao\RoleDao.java
C:\training\workspace\myproject\src\main\java\com\mycompany\app\util\TimestampConverter.java
C:\training\workspace\myproject\src\main\java\com\mycompany\app\service\impl\BaseManagerMockTestCase.java
C:\training\workspace\myproject\src\main\java\com\mycompany\app\dao\LookupDao.java
C:\training\workspace\myproject\src\main\java\com\mycompany\app\util\ConvertUtil.java
C:\training\workspace\myproject\src\main\java\com\mycompany\app\dao\hibernate\UserDaoHibernate.java
C:\training\workspace\myproject\src\main\java\com\mycompany\app\service\MailEngine.java
C:\training\workspace\myproject\src\main\java\com\mycompany\app\dao\hibernate\LookupDaoHibernate.java
C:\training\workspace\myproject\src\main\java\com\mycompany\app\service\GenericManager.java
C:\training\workspace\myproject\src\main\java\com\mycompany\app\dao\hibernate\RoleDaoHibernate.java
C:\training\workspace\myproject\src\main\java\com\mycompany\app\webapp\taglib\ConstantsTag.java
C:\training\workspace\myproject\src\main\java\com\mycompany\app\service\BaseManagerTestCase.java
C:\training\workspace\myproject\src\main\java\com\mycompany\app\webapp\controller\BaseControllerTestCase.java
C:\training\workspace\myproject\src\main\java\com\mycompany\app\model\User.java
C:\training\workspace\myproject\src\main\java\com\mycompany\app\util\DateConverter.java
C:\training\workspace\myproject\src\main\java\com\mycompany\app\service\impl\UniversalManagerImpl.java
C:\training\workspace\myproject\src\main\java\com\mycompany\app\webapp\filter\LocaleRequestWrapper.java
C:\training\workspace\myproject\src\main\java\com\mycompany\app\model\Role.java
C:\training\workspace\myproject\src\main\java\com\mycompany\app\dao\UniversalDao.java
C:\training\workspace\myproject\src\main\java\com\mycompany\app\service\LookupManager.java
C:\training\workspace\myproject\src\main\java\com\mycompany\app\util\DateUtil.java
C:\training\workspace\myproject\src\main\java\com\mycompany\app\webapp\util\RequestUtil.java
C:\training\workspace\myproject\src\main\java\com\mycompany\app\webapp\taglib\CountryTag.java
C:\training\workspace\myproject\src\main\java\com\mycompany\app\webapp\controller\BaseFormController.java
C:\training\workspace\myproject\src\main\java\com\mycompany\app\App.java
C:\training\workspace\myproject\src\main\java\com\mycompany\app\service\UserSecurityAdvice.java
C:\training\workspace\myproject\src\main\java\com\mycompany\app\webapp\controller\FileUpload.java
C:\training\workspace\myproject\src\main\java\com\mycompany\app\webapp\filter\StaticFilter.java
C:\training\workspace\myproject\src\main\java\com\mycompany\app\model\Address.java
C:\training\workspace\myproject\src\main\java\com\mycompany\app\dao\hibernate\UniversalDaoHibernate.java
C:\training\workspace\myproject\src\main\java\com\mycompany\app\service\RoleManager.java
C:\training\workspace\myproject\src\main\java\com\mycompany\app\webapp\controller\UserFormController.java
C:\training\workspace\myproject\src\main\java\com\mycompany\app\webapp\listener\UserCounterListener.java
C:\training\workspace\myproject\src\main\java\com\mycompany\app\model\LabelValue.java
C:\training\workspace\myproject\src\main\java\com\mycompany\app\webapp\controller\ReloadController.java
C:\training\workspace\myproject\src\main\java\com\mycompany\app\webapp\controller\SignupController.java
C:\training\workspace\myproject\src\main\java\com\mycompany\app\dao\BaseDaoTestCase.java
C:\training\workspace\myproject\src\main\java\com\mycompany\app\service\UserManager.java
C:\training\workspace\myproject\src\main\java\com\mycompany\app\webapp\taglib\LabelTag.java
C:\training\workspace\myproject\src\main\java\com\mycompany\app\webapp\controller\FileUploadController.java
C:\training\workspace\myproject\src\main\java\com\mycompany\app\webapp\spring\ValidatorExtensionPostProcessor.java
C:\training\workspace\myproject\src\main\java\com\mycompany\app\service\impl\LookupManagerImpl.java
C:\training\workspace\myproject\src\main\java\com\mycompany\app\service\UserService.java
C:\training\workspace\myproject\src\main\java\com\mycompany\app\dao\GenericDao.java
C:\training\workspace\myproject\src\main\java\com\mycompany\app\webapp\listener\StartupListener.java
C:\training\workspace\myproject\src\main\java\com\mycompany\app\webapp\filter\LocaleFilter.java
C:\training\workspace\myproject\src\main\java\com\mycompany\app\dao\spring\HibernateExtensionPostProcessor.java
C:\training\workspace\myproject\src\main\java\com\mycompany\app\Constants.java
C:\training\workspace\myproject\src\main\java\com\mycompany\app\model\BaseObject.java
C:\training\workspace\myproject\src\main\java\com\mycompany\app\service\impl\UserManagerImpl.java
C:\training\workspace\myproject\src\main\java\com\mycompany\app\service\UserExistsException.java
C:\training\workspace\myproject\src\main\java\com\mycompany\app\dao\hibernate\GenericDaoHibernate.java
C:\training\workspace\myproject\src\main\java\com\mycompany\app\webapp\controller\UserController.java
C:\training\workspace\myproject\src\main\java\com\mycompany\app\dao\UserDao.java
C:\training\workspace\myproject\src\main\java\com\mycompany\app\webapp\taglib\ConstantsTei.java
C:\training\workspace\myproject\src\main\java\com\mycompany\app\service\impl\RoleManagerImpl.java
C:\training\workspace\myproject\src\main\java\com\mycompany\app\util\CurrencyConverter.java
C:\training\workspace\myproject\src\main\java\com\mycompany\app\webapp\util\ValidationUtil.java
C:\training\workspace\myproject\src\main\java\com\mycompany\app\webapp\controller\PasswordHintController.java
C:\training\workspace\myproject\src\main\java\com\mycompany\app\service\impl\GenericManagerImpl.java
C:\training\workspace\myproject\src\main\java\com\mycompany\app\service\UniversalManager.java
